
[0m[0m
[0m  finrem consented e2e HWF Journey[0m
  [31m  1) Verify Consented HWF Solicitors Happypath Scenario[0m


[92m [0m[32m 0 passing[0m[90m (46s)[0m
[31m  1 failing[0m

[0m  1) finrem consented e2e HWF Journey
       Verify Consented HWF Solicitors Happypath Scenario:
[0m[31m     Clickable element "Continue" was not found by text|CSS|XPath[0m[90m
  
  Scenario Steps:
  
  - I.click("Continue") at Object.createCase (test/end2end/consented/pages/create-case/createCase.js:22:5)
  - I.wait(10) at Object.createCase (test/end2end/consented/pages/create-case/createCase.js:20:5)
  - I.click("Start") at Object.createCase (test/end2end/consented/pages/create-case/createCase.js:19:5)
  - I.selectOption("select[id= cc-event]", "Consent Order Application") at Object.createCase (test/end2end/consented/pages/create-case/createCase.js:18:5)
  - I.wait(2) at Object.createCase (test/end2end/consented/pages/create-case/createCase.js:17:5)
  - I.selectOption("select[id=cc-case-type]", "FinancialRemedyMVP2") at Object.createCase (test/end2end/consented/pages/create-case/createCase.js:16:5)
  - I.wait(3) at Object.createCase (test/end2end/consented/pages/create-case/createCase.js:15:5)
  - I.selectOption("select[id=cc-jurisdiction]", "Family Divorce") at Object.createCase (test/end2end/consented/pages/create-case/createCase.js:14:5)
  - I.wait(3) at Object.createCase (test/end2end/consented/pages/create-case/createCase.js:12:5)
  - I.waitForElement("//select[id=cc-jurisdiction]/option[text()="Family Divorce"]", 60) at Object.createCase (test/end2end/consented/pages/create-case/createCase.js:11:5)
  - I.waitForText("Create Case", 60, "h1") at Object.waitForPage (test/end2end/consented/pages/common/common.js:76:5)
  - I.click("Create new case") at Object.createCase (test/end2end/consented/pages/create-case/createCase.js:7:5)
  - I.waitForElement(".container-fluid a[href="/create/case"]", 60) at Object.createCase (test/end2end/consented/pages/create-case/createCase.js:6:5)
  - I.wait(15) at Object.signinIdam (test/end2end/consented/pages/signIn/signIn.js:10:5)
  - I.click("Sign in") at Object.signinIdam (test/end2end/consented/pages/signIn/signIn.js:9:5)
  - I.fillField("password", "Nagoya0102") at Object.signinIdam (test/end2end/consented/pages/signIn/signIn.js:8:5)
  - I.fillField("username", "henry_fr_harper@yahoo.com") at Object.signinIdam (test/end2end/consented/pages/signIn/signIn.js:7:5)
  - I.waitForText("Email address") at Object.signinIdam (test/end2end/consented/pages/signIn/signIn.js:6:5)
  - I.wait(5) at Object.signinIdam (test/end2end/consented/pages/signIn/signIn.js:5:5)
  - I.amOnPage("https://www-ccd.aat.platform.hmcts.net/") at Object.signinIdam (test/end2end/consented/pages/signIn/signIn.js:4:5)
  
  Error: Clickable element "Continue" was not found by text|CSS|XPath
      at new ElementNotFound (node_modules/codeceptjs/lib/helper/errors/ElementNotFound.js:14:11)
      at assertElementExists (node_modules/codeceptjs/lib/helper/Puppeteer.js:2167:11)
      at Puppeteer.proceedClick (node_modules/codeceptjs/lib/helper/Puppeteer.js:1931:5)
      at processTicksAndRejections (internal/process/task_queues.js:85:5)
[0m


