
[0m[0m
[0m  finrem consented e2e PBA Journey[0m
  [31m  1) Verify Consented PBA Solicitors Happypath Scenario[0m


[92m [0m[32m 0 passing[0m[90m (4m)[0m
[31m  1 failing[0m

[0m  1) finrem consented e2e PBA Journey
       Verify Consented PBA Solicitors Happypath Scenario:
[0m[31m     Text "Order Summary" was not found on page after 60 sec
waiting for function failed: timeout 60000ms exceeded[0m[90m
  
  Scenario Steps:
  
  - I.waitForText("Order Summary", 60, "div.order-summary-title") at Object.waitForPage (test/end2end/consented/pages/common/common.js:6:11)
  - I.wait(5) at Object.pbaPaymentDetails (test/end2end/consented/pages/pba-payment-details/pbaPaymentDetails.js:11:5)
  - I.click("Continue") at Object.pbaPaymentDetails (test/end2end/consented/pages/pba-payment-details/pbaPaymentDetails.js:10:5)
  - I.waitForElement("button[type = "submit"]:not(:disabled)", 30) at Object.waitForContinueButtonEnabled (test/end2end/consented/pages/common/common.js:35:5)
  - I.wait(2) at Object.pbaPaymentDetails (test/end2end/consented/pages/pba-payment-details/pbaPaymentDetails.js:8:5)
  - I.fillField("input[id="PBAreference"]", "reference") at Object.pbaPaymentDetails (test/end2end/consented/pages/pba-payment-details/pbaPaymentDetails.js:7:5)
  - I.wait(2) at Object.pbaPaymentDetails (test/end2end/consented/pages/pba-payment-details/pbaPaymentDetails.js:6:5)
  - I.fillField("input[id="PBANumber"]", "PBA0066906") at Object.pbaPaymentDetails (test/end2end/consented/pages/pba-payment-details/pbaPaymentDetails.js:5:5)
  - I.wait(3) at Object.pbaPaymentDetails (test/end2end/consented/pages/pba-payment-details/pbaPaymentDetails.js:4:5)
  - I.click("Continue") at Object.paymentPage (test/end2end/consented/pages/payment-page/paymentPage.js:13:5)
  - I.waitForElement("button[type = "submit"]:not(:disabled)", 30) at Object.waitForContinueButtonEnabled (test/end2end/consented/pages/common/common.js:35:5)
  - I.checkOption("input[id="helpWithFeesQuestion-No"]") at Object.paymentPage (test/end2end/consented/pages/payment-page/paymentPage.js:9:7)
  - I.waitForText("PAYMENT DETAILS", 60, "h4") at Object.waitForPage (test/end2end/consented/pages/common/common.js:6:11)
  - I.click("Continue") at Object.authorisation (test/end2end/consented/pages/authorisation/authorisation.js:18:5)
  - I.waitForElement("button[type = "submit"]:not(:disabled)", 30) at Object.waitForContinueButtonEnabled (test/end2end/consented/pages/common/common.js:35:5)
  - I.fillField("input[id="authorisation3-year"]", "2019") at Object.authorisation (test/end2end/consented/pages/authorisation/authorisation.js:15:5)
  - I.fillField("input[id="authorisation3-month"]", "2") at Object.authorisation (test/end2end/consented/pages/authorisation/authorisation.js:14:5)
  - I.fillField("input[id="authorisation3-day"]", "3") at Object.authorisation (test/end2end/consented/pages/authorisation/authorisation.js:13:5)
  - I.fillField("input[id="authorisation2b"]", "Sol Org reb") at Object.authorisation (test/end2end/consented/pages/authorisation/authorisation.js:11:5)
  - I.fillField("input[id="authorisationFirm"]", "Abc Org") at Object.authorisation (test/end2end/consented/pages/authorisation/authorisation.js:9:5)
  - I.fillField("input[id="authorisationName"]", "Vivek") at Object.authorisation (test/end2end/consented/pages/authorisation/authorisation.js:7:5)
  - I.waitForText("AUTHORISATION", 60, "h4") at Object.waitForPage (test/end2end/consented/pages/common/common.js:6:11)
  - I.click("Go") at Object.optionsPage (test/end2end/consented/pages/options-page/optionsPage.js:88:5)
  - I.wait(2) at Object.optionsPage (test/end2end/consented/pages/options-page/optionsPage.js:87:5)
  - I.selectOption("select[id="next-step"]", "Case Submission") at Object.optionsPage (test/end2end/consented/pages/options-page/optionsPage.js:86:5)
  - I.see("Amend Application Details") at Object.optionsPage (test/end2end/consented/pages/options-page/optionsPage.js:84:5)
  - I.waitForText("History", 60, "h2") at Object.waitForPage (test/end2end/consented/pages/common/common.js:6:11)
  - I.click("Submit") at Object.optionsPage (test/end2end/consented/pages/options-page/optionsPage.js:81:5)
  - I.see("RESPONDENT DETAILS") at Object.optionsPage (test/end2end/consented/pages/options-page/optionsPage.js:79:5)
  - I.see("APPLICANT DETAILS") at Object.optionsPage (test/end2end/consented/pages/options-page/optionsPage.js:78:5)
  - I.see("DIVORCE DETAILS") at Object.optionsPage (test/end2end/consented/pages/options-page/optionsPage.js:77:5)
  - I.see("SOLICITOR DETAILS") at Object.optionsPage (test/end2end/consented/pages/options-page/optionsPage.js:76:5)
  - I.waitForText("Check your answers", 60, ".check-your-answers h2") at Object.waitForPage (test/end2end/consented/pages/common/common.js:6:11)
  - I.click("Continue") at Object.optionsPage (test/end2end/consented/pages/options-page/optionsPage.js:73:5)
  - I.waitForElement("button[type = "submit"]:not(:disabled)", 30) at Object.waitForContinueButtonEnabled (test/end2end/consented/pages/common/common.js:35:5)
  - I.waitForText("Saving your application", 60, "#createCasePreConfirmationInfoText h1") at Object.waitForPage (test/end2end/consented/pages/common/common.js:6:11)
  - I.click("Continue") at Object.optionsPage (test/end2end/consented/pages/options-page/optionsPage.js:68:5)
  - I.waitForElement("button[type = "submit"]:not(:disabled)", 30) at Object.waitForContinueButtonEnabled (test/end2end/consented/pages/common/common.js:35:5)
  - I.waitForText("OTHER DOCUMENTS", 60, "h4") at Object.waitForPage (test/end2end/consented/pages/common/common.js:6:11)
  - I.click("Continue") at Object.optionsPage (test/end2end/consented/pages/options-page/optionsPage.js:63:5)
  - I.waitForElement("button[type = "submit"]:not(:disabled)", 30) at Object.waitForContinueButtonEnabled (test/end2end/consented/pages/common/common.js:35:5)
  - I.waitForText("PENSION DOCUMENTS", 60, "h4") at Object.waitForPage (test/end2end/consented/pages/common/common.js:6:11)
  - I.click("Continue") at Object.optionsPage (test/end2end/consented/pages/options-page/optionsPage.js:59:5)
  - I.waitForElement("button[type = "submit"]:not(:disabled)", 30) at Object.waitForContinueButtonEnabled (test/end2end/consented/pages/common/common.js:35:5)
  - I.attachFile("input[id="d81Respondent"]", "data/fileupload.txt") at Object.optionsPage (test/end2end/consented/pages/options-page/optionsPage.js:56:5)
  - I.wait(2) at Object.optionsPage (test/end2end/consented/pages/options-page/optionsPage.js:55:5)
  - I.attachFile("input[id="d81Applicant"]", "data/fileupload.txt") at Object.optionsPage (test/end2end/consented/pages/options-page/optionsPage.js:54:5)
  - I.wait(2) at Object.optionsPage (test/end2end/consented/pages/options-page/optionsPage.js:53:5)
  - I.checkOption("input[id="d81Question-No"]") at Object.optionsPage (test/end2end/consented/pages/options-page/optionsPage.js:52:5)
  - I.waitForText("D81", 60, "h4") at Object.waitForPage (test/end2end/consented/pages/common/common.js:6:11)
  - I.click("Continue") at Object.optionsPage (test/end2end/consented/pages/options-page/optionsPage.js:49:5)
  - I.waitForElement("button[type = "submit"]:not(:disabled)", 30) at Object.waitForContinueButtonEnabled (test/end2end/consented/pages/common/common.js:35:5)
  - I.click("Continue") at Object.optionsPage (test/end2end/consented/pages/options-page/optionsPage.js:46:5)
  - I.waitForElement("button[type = "submit"]:not(:disabled)", 30) at Object.waitForContinueButtonEnabled (test/end2end/consented/pages/common/common.js:35:5)
  - I.checkOption("input[id="orderForChildrenQuestion1-No"]") at Object.optionsPage (test/end2end/consented/pages/options-page/optionsPage.js:43:5)
  - I.waitForText("ORDER FOR CHILDREN", 60, "h4") at Object.waitForPage (test/end2end/consented/pages/common/common.js:6:11)
  - I.click("Continue") at Object.optionsPage (test/end2end/consented/pages/options-page/optionsPage.js:40:5)
  - I.waitForElement("button[type = "submit"]:not(:disabled)", 30) at Object.waitForContinueButtonEnabled (test/end2end/consented/pages/common/common.js:35:5)
  - I.checkOption("input[value="Property Adjustment  Order"]") at Object.optionsPage (test/end2end/consented/pages/options-page/optionsPage.js:37:5)
  - I.waitForText("NATURE OF THE APPLICATION", 60, "h4") at Object.waitForPage (test/end2end/consented/pages/common/common.js:6:11)
  - I.click("Continue") at Object.optionsPage (test/end2end/consented/pages/options-page/optionsPage.js:34:5)
  - I.waitForElement("button[type = "submit"]:not(:disabled)", 30) at Object.waitForContinueButtonEnabled (test/end2end/consented/pages/common/common.js:35:5)
  - I.fillField("input[id="rSolicitorEmail"]", "mahsol@mailinator.com") at Object.optionsPage (test/end2end/consented/pages/options-page/optionsPage.js:31:5)
  - I.waitForText("RESPONDENT DETAILS", 60, "h4") at Object.waitForPage (test/end2end/consented/pages/common/common.js:6:11)
  - I.click("Continue") at Object.optionsPage (test/end2end/consented/pages/options-page/optionsPage.js:28:5)
  - I.waitForElement("button[type = "submit"]:not(:disabled)", 30) at Object.waitForContinueButtonEnabled (test/end2end/consented/pages/common/common.js:35:5)
  - I.click("Continue") at Object.optionsPage (test/end2end/consented/pages/options-page/optionsPage.js:25:5)
  - I.waitForElement("button[type = "submit"]:not(:disabled)", 30) at Object.waitForContinueButtonEnabled (test/end2end/consented/pages/common/common.js:35:5)
  - I.fillField("input[id="divorceCaseNumber"]", "EM18D84321") at Object.optionsPage (test/end2end/consented/pages/options-page/optionsPage.js:22:5)
  - I.waitForText("DIVORCE DETAILS", 60, "h4") at Object.waitForPage (test/end2end/consented/pages/common/common.js:6:11)
  - I.click("Continue") at Object.optionsPage (test/end2end/consented/pages/options-page/optionsPage.js:18:5)
  - I.waitForElement("button[type = "submit"]:not(:disabled)", 30) at Object.waitForContinueButtonEnabled (test/end2end/consented/pages/common/common.js:35:5)
  - I.fillField("input[id="solicitorPhone"]", "07766120000") at Object.optionsPage (test/end2end/consented/pages/options-page/optionsPage.js:15:5)
  - I.waitForText("SOLICITOR DETAILS", 60, "h4") at Object.waitForPage (test/end2end/consented/pages/common/common.js:6:11)
  - I.click("Continue") at Object.optionsPage (test/end2end/consented/pages/options-page/optionsPage.js:11:5)
  - I.waitForElement("button[type = "submit"]:not(:disabled)", 30) at Object.waitForContinueButtonEnabled (test/end2end/consented/pages/common/common.js:35:5)
  - I.wait(10) at Object.optionsPage (test/end2end/consented/pages/options-page/optionsPage.js:9:5)
  - I.click("Go") at Object.optionsPage (test/end2end/consented/pages/options-page/optionsPage.js:7:5)
  - I.wait(2) at Object.optionsPage (test/end2end/consented/pages/options-page/optionsPage.js:6:5)
  - I.selectOption("select[id="next-step"]", "Amend Application Details") at Object.optionsPage (test/end2end/consented/pages/options-page/optionsPage.js:5:5)
  - I.waitForText("History", 60, ".EventLogTable h2") at Object.waitForPage (test/end2end/consented/pages/common/common.js:6:11)
  - I.wait(1) at Object.draftValidateTabs (test/end2end/consented/pages/draft-validate-tabs/draftValidateTabs.js:15:5)
  - I.click("Case Documents") at Object.draftValidateTabs (test/end2end/consented/pages/draft-validate-tabs/draftValidateTabs.js:14:5)
  - I.wait(1) at Object.draftValidateTabs (test/end2end/consented/pages/draft-validate-tabs/draftValidateTabs.js:13:5)
  - I.click("Nature of Application") at Object.draftValidateTabs (test/end2end/consented/pages/draft-validate-tabs/draftValidateTabs.js:12:5)
  - I.wait(1) at Object.draftValidateTabs (test/end2end/consented/pages/draft-validate-tabs/draftValidateTabs.js:11:5)
  - I.click("Divorce") at Object.draftValidateTabs (test/end2end/consented/pages/draft-validate-tabs/draftValidateTabs.js:10:5)
  - I.wait(1) at Object.draftValidateTabs (test/end2end/consented/pages/draft-validate-tabs/draftValidateTabs.js:9:5)
  - I.click("Respondent") at Object.draftValidateTabs (test/end2end/consented/pages/draft-validate-tabs/draftValidateTabs.js:8:5)
  - I.wait(1) at Object.draftValidateTabs (test/end2end/consented/pages/draft-validate-tabs/draftValidateTabs.js:7:5)
  - I.click("Applicant") at Object.draftValidateTabs (test/end2end/consented/pages/draft-validate-tabs/draftValidateTabs.js:6:5)
  - I.waitForText("History", 60, ".EventLogTable h2") at Object.waitForPage (test/end2end/consented/pages/common/common.js:6:11)
  - I.wait(10) at Test.<anonymous> (test/end2end/consentedJourneys/consentedE2EPbaJourney.js:22:5)
  - I.see("Consent Order Application") at Test.<anonymous> (test/end2end/consentedJourneys/consentedE2EPbaJourney.js:21:5)
  - I.click("Submit") at Object.checkYourAnswers (test/end2end/consented/pages/check-your-answers/checkYourAnswers.js:12:5)
  - I.see("RESPONDENT DETAILS") at Object.checkYourAnswers (test/end2end/consented/pages/check-your-answers/checkYourAnswers.js:10:5)
  - I.see("APPLICANT DETAILS") at Object.checkYourAnswers (test/end2end/consented/pages/check-your-answers/checkYourAnswers.js:9:5)
  - I.see("DIVORCE DETAILS") at Object.checkYourAnswers (test/end2end/consented/pages/check-your-answers/checkYourAnswers.js:8:5)
  - I.see("SOLICITOR DETAILS") at Object.checkYourAnswers (test/end2end/consented/pages/check-your-answers/checkYourAnswers.js:7:5)
  - I.waitForElement(".check-your-answers", 60) at Object.checkYourAnswers (test/end2end/consented/pages/check-your-answers/checkYourAnswers.js:6:5)
  - I.click("Continue") at Object.informationPage (test/end2end/consented/pages/information-page/informationPage.js:7:5)
  - I.waitForElement("button[type = "submit"]:not(:disabled)", 30) at Object.waitForContinueButtonEnabled (test/end2end/consented/pages/common/common.js:35:5)
  - I.waitForElement("#createCasePreConfirmationInfoText", 60) at Object.informationPage (test/end2end/consented/pages/information-page/informationPage.js:5:5)
  - I.wait(5) at Object.optionalDocuments (test/end2end/consented/pages/optional-documents/optionalDocuments.js:23:5)
  - I.click("Continue") at Object.optionalDocuments (test/end2end/consented/pages/optional-documents/optionalDocuments.js:22:5)
  - I.waitForElement("button[type = "submit"]:not(:disabled)", 30) at Object.waitForContinueButtonEnabled (test/end2end/consented/pages/common/common.js:35:5)
  - I.wait(2) at Object.optionalDocuments (test/end2end/consented/pages/optional-documents/optionalDocuments.js:13:5)
  - I.attachFile("input[type="file"]", "data/dummy.pdf") at Object.optionalDocuments (test/end2end/consented/pages/optional-documents/optionalDocuments.js:12:5)
  - I.selectOption("select[id=pensionCollection_0_typeOfDocument]", "Form P1") at Object.optionalDocuments (test/end2end/consented/pages/optional-documents/optionalDocuments.js:10:5)
  - I.wait(5) at Object.optionalDocuments (test/end2end/consented/pages/optional-documents/optionalDocuments.js:9:5)
  - I.click("Add new", {"css":"#pensionCollection>div>button"}) at Object.optionalDocuments (test/end2end/consented/pages/optional-documents/optionalDocuments.js:8:5)
  - I.waitForText("PENSION DOCUMENTS", 60, "h4") at Object.waitForPage (test/end2end/consented/pages/common/common.js:6:11)
  - I.click("Continue") at Object.d81 (test/end2end/consented/pages/d81/d81.js:35:5)
  - I.waitForElement("button[type = "submit"]:not(:disabled)", 30) at Object.waitForContinueButtonEnabled (test/end2end/consented/pages/common/common.js:35:5)
  - I.attachFile("input[type="file"]", "data/fileupload.txt") at Object.d81 (test/end2end/consented/pages/d81/d81.js:32:5)
  - I.checkOption("input[id="d81Question-Yes"]") at Object.d81 (test/end2end/consented/pages/d81/d81.js:30:5)
  - I.wait(4) at Object.consentOrder (test/end2end/consented/pages/consent-order/consentOrder.js:14:5)
  - I.click("Continue") at Object.consentOrder (test/end2end/consented/pages/consent-order/consentOrder.js:13:5)
  - I.waitForElement("button[type = "submit"]:not(:disabled)", 30) at Object.waitForContinueButtonEnabled (test/end2end/consented/pages/common/common.js:35:5)
  - I.wait(2) at Object.consentOrder (test/end2end/consented/pages/consent-order/consentOrder.js:11:5)
  - I.attachFile("input[id="consentOrder"]", "data/dummy.pdf") at Object.consentOrder (test/end2end/consented/pages/consent-order/consentOrder.js:8:5)
  - I.waitForText("CONSENT ORDER", 60, "h4") at Object.waitForPage (test/end2end/consented/pages/common/common.js:6:11)
  - I.click("Continue") at Object.orderForChildren (test/end2end/consented/pages/order-for-children/orderForChildren.js:20:5)
  - I.waitForElement("button[type = "submit"]:not(:disabled)", 30) at Object.waitForContinueButtonEnabled (test/end2end/consented/pages/common/common.js:35:5)
  - I.fillField("#natureOfApplication7", "Other Test") at Object.orderForChildren (test/end2end/consented/pages/order-for-children/orderForChildren.js:17:5)
  - I.wait(2) at Object.orderForChildren (test/end2end/consented/pages/order-for-children/orderForChildren.js:16:5)
  - I.checkOption("input[id="natureOfApplication6-Other"]") at Object.orderForChildren (test/end2end/consented/pages/order-for-children/orderForChildren.js:15:5)
  - I.checkOption("input[id="natureOfApplication6-When not habitually resident"]") at Object.orderForChildren (test/end2end/consented/pages/order-for-children/orderForChildren.js:14:5)
  - I.checkOption("input[id="natureOfApplication6-training"]") at Object.orderForChildren (test/end2end/consented/pages/order-for-children/orderForChildren.js:13:5)
  - I.checkOption("input[id="natureOfApplication6-disability expenses"]") at Object.orderForChildren (test/end2end/consented/pages/order-for-children/orderForChildren.js:12:5)
  - I.checkOption("input[id="natureOfApplication6-In addition to child support"]") at Object.orderForChildren (test/end2end/consented/pages/order-for-children/orderForChildren.js:11:5)
  - I.checkOption("input[id="natureOfApplication6-Step Child or Step Children"]") at Object.orderForChildren (test/end2end/consented/pages/order-for-children/orderForChildren.js:10:5)
  - I.wait(2) at Object.orderForChildren (test/end2end/consented/pages/order-for-children/orderForChildren.js:9:5)
  - I.checkOption("input[id="natureOfApplication5-No"]") at Object.orderForChildren (test/end2end/consented/pages/order-for-children/orderForChildren.js:8:5)
  - I.wait(2) at Object.orderForChildren (test/end2end/consented/pages/order-for-children/orderForChildren.js:7:5)
  - I.checkOption("input[id="orderForChildrenQuestion1-Yes"]") at Object.orderForChildren (test/end2end/consented/pages/order-for-children/orderForChildren.js:6:5)
  - I.wait(5) at Object.orderForChildren (test/end2end/consented/pages/order-for-children/orderForChildren.js:5:5)
  - I.click("Continue") at Object.natureOfApplication (test/end2end/consented/pages/nature-of-application/natureOfApplication.js:22:5)
  - I.waitForElement("button[type = "submit"]:not(:disabled)", 30) at Object.waitForContinueButtonEnabled (test/end2end/consented/pages/common/common.js:35:5)
  - I.fillField("#natureOfApplication3b", "Halifax mortgage") at Object.natureOfApplication (test/end2end/consented/pages/nature-of-application/natureOfApplication.js:19:5)
  - I.fillField("#natureOfApplication3a", "26 Riverside gardens") at Object.natureOfApplication (test/end2end/consented/pages/nature-of-application/natureOfApplication.js:17:5)
  - I.checkOption("input[value="Property Adjustment  Order"]") at Object.natureOfApplication (test/end2end/consented/pages/nature-of-application/natureOfApplication.js:15:5)
  - I.checkOption("input[value="A settlement or a transfer of property"]") at Object.natureOfApplication (test/end2end/consented/pages/nature-of-application/natureOfApplication.js:14:5)
  - I.checkOption("input[value="Pension Compensation Attachment Order"]") at Object.natureOfApplication (test/end2end/consented/pages/nature-of-application/natureOfApplication.js:13:5)
  - I.checkOption("input[value="Pension Compensation Sharing Order"]") at Object.natureOfApplication (test/end2end/consented/pages/nature-of-application/natureOfApplication.js:12:5)
  - I.checkOption("input[value="Pension Attachment Order"]") at Object.natureOfApplication (test/end2end/consented/pages/nature-of-application/natureOfApplication.js:11:5)
  - I.checkOption("input[value="Pension Sharing Order"]") at Object.natureOfApplication (test/end2end/consented/pages/nature-of-application/natureOfApplication.js:10:5)
  - I.checkOption("input[value="Lump Sum Order"]") at Object.natureOfApplication (test/end2end/consented/pages/nature-of-application/natureOfApplication.js:9:5)
  - I.checkOption("input[value="Periodical Payment Order"]") at Object.natureOfApplication (test/end2end/consented/pages/nature-of-application/natureOfApplication.js:8:5)
  - I.waitForText("NATURE OF THE APPLICATION", 60, "h4") at Object.waitForPage (test/end2end/consented/pages/common/common.js:6:11)
  - I.click("Continue") at Object.respondentDetails (test/end2end/consented/pages/respondent-details/respondentDetails.js:28:5)
  - I.waitForElement("button[type = "submit"]:not(:disabled)", 30) at Object.waitForContinueButtonEnabled (test/end2end/consented/pages/common/common.js:35:5)
  - I.fillField("input[id="rSolicitorDXnumber"]", "078890") at Object.respondentDetails (test/end2end/consented/pages/respondent-details/respondentDetails.js:25:5)
  - I.fillField("input[id="rSolicitorEmail"]", "vivrepondent@mailinator.com") at Object.respondentDetails (test/end2end/consented/pages/respondent-details/respondentDetails.js:24:5)
  - I.fillField("input[id="rSolicitorPhone"]", "07889009908") at Object.respondentDetails (test/end2end/consented/pages/respondent-details/respondentDetails.js:23:5)
  - I.fillField("input[id="rSolicitorAddress_County"]", "Essex") at Object.respondentDetails (test/end2end/consented/pages/respondent-details/respondentDetails.js:22:5)
  - I.fillField("input[id="rSolicitorAddress_AddressLine3"]", "Ring Road") at Object.respondentDetails (test/end2end/consented/pages/respondent-details/respondentDetails.js:21:5)
  - I.fillField("input[id="rSolicitorAddress_AddressLine2"]", "Flat2") at Object.respondentDetails (test/end2end/consented/pages/respondent-details/respondentDetails.js:20:5)
  - I.selectOption("Select an address", "75 Pears Road, Hounslow") at Object.respondentDetails (test/end2end/consented/pages/respondent-details/respondentDetails.js:18:5)
  - I.wait(5) at Object.respondentDetails (test/end2end/consented/pages/respondent-details/respondentDetails.js:17:5)
  - I.click("Find address") at Object.respondentDetails (test/end2end/consented/pages/respondent-details/respondentDetails.js:16:5)
  - I.fillField("Enter a UK postcode", "TW3 1SS") at Object.respondentDetails (test/end2end/consented/pages/respondent-details/respondentDetails.js:15:5)
  - I.fillField("input[id="rSolicitorReference"]", "MahSol73") at Object.respondentDetails (test/end2end/consented/pages/respondent-details/respondentDetails.js:14:5)
  - I.fillField("input[id="rSolicitorFirm"]", "MahFirm") at Object.respondentDetails (test/end2end/consented/pages/respondent-details/respondentDetails.js:13:5)
  - I.fillField("input[id="rSolicitorName"]", "MahSol") at Object.respondentDetails (test/end2end/consented/pages/respondent-details/respondentDetails.js:12:5)
  - I.wait(5) at Object.respondentDetails (test/end2end/consented/pages/respondent-details/respondentDetails.js:11:5)
  - I.checkOption("input[id="appRespondentRep-Yes"]") at Object.respondentDetails (test/end2end/consented/pages/respondent-details/respondentDetails.js:10:5)
  - I.fillField("input[id="appRespondentLName"]", "resp") at Object.respondentDetails (test/end2end/consented/pages/respondent-details/respondentDetails.js:9:5)
  - I.fillField("input[id="appRespondentFMName"]", "kiv") at Object.respondentDetails (test/end2end/consented/pages/respondent-details/respondentDetails.js:8:5)
  - I.waitForText("RESPONDENT DETAILS", 60, "h4") at Object.waitForPage (test/end2end/consented/pages/common/common.js:6:11)
  - I.click("Continue") at Object.applicantDetails (test/end2end/consented/pages/applicants-details/applicantDetails.js:12:5)
  - I.waitForElement("button[type = "submit"]:not(:disabled)", 30) at Object.waitForContinueButtonEnabled (test/end2end/consented/pages/common/common.js:35:5)
  - I.fillField("input[id="applicantLName"]", "div") at Object.applicantDetails (test/end2end/consented/pages/applicants-details/applicantDetails.js:9:5)
  - I.fillField("input[id="applicantFMName"]", "viv") at Object.applicantDetails (test/end2end/consented/pages/applicants-details/applicantDetails.js:7:5)
  - I.waitForElement("input[id="applicantFMName"]") at Object.applicantDetails (test/end2end/consented/pages/applicants-details/applicantDetails.js:6:5)
  - I.waitForText("APPLICANT DETAILS", 60, "h4") at Object.waitForPage (test/end2end/consented/pages/common/common.js:6:11)
  - I.click("Continue") at Object.divorceDetails (test/end2end/consented/pages/divorce-details/divorceDetails.js:19:5)
  - I.waitForElement("button[type = "submit"]:not(:disabled)", 30) at Object.waitForContinueButtonEnabled (test/end2end/consented/pages/common/common.js:35:5)
  - I.wait(2) at Object.divorceDetails (test/end2end/consented/pages/divorce-details/divorceDetails.js:17:5)
  - I.fillField("input[id="divorceDecreeNisiDate-year"]", "2019") at Object.divorceDetails (test/end2end/consented/pages/divorce-details/divorceDetails.js:16:5)
  - I.fillField("input[id="divorceDecreeNisiDate-month"]", "2") at Object.divorceDetails (test/end2end/consented/pages/divorce-details/divorceDetails.js:15:5)
  - I.fillField("input[id="divorceDecreeNisiDate-day"]", "1") at Object.divorceDetails (test/end2end/consented/pages/divorce-details/divorceDetails.js:14:5)
  - I.attachFile("input[type="file"]", "data/fileupload.txt") at Object.divorceDetails (test/end2end/consented/pages/divorce-details/divorceDetails.js:12:5)
  - I.wait(5) at Object.divorceDetails (test/end2end/consented/pages/divorce-details/divorceDetails.js:11:5)
  - I.selectOption("select[id="divorceStageReached"]", "Decree Nisi") at Object.divorceDetails (test/end2end/consented/pages/divorce-details/divorceDetails.js:10:5)
  - I.fillField("input[id="divorceCaseNumber"]", "LV18D81234") at Object.divorceDetails (test/end2end/consented/pages/divorce-details/divorceDetails.js:8:5)
  - I.waitForText("DIVORCE DETAILS", 60, "h4") at Object.waitForPage (test/end2end/consented/pages/common/common.js:6:11)
  - I.click("Continue") at Object.solicitorCreate (test/end2end/consented/pages/solicitor-create/solicitorCreate.js:24:5)
  - I.waitForElement("button[type = "submit"]:not(:disabled)", 30) at Object.waitForContinueButtonEnabled (test/end2end/consented/pages/common/common.js:35:5)
  - I.checkOption("input[id="solicitorAgreeToReceiveEmails-Yes"]") at Object.solicitorCreate (test/end2end/consented/pages/solicitor-create/solicitorCreate.js:21:5)
  - I.fillField("input[id="solicitorDXnumber"]", "776890") at Object.solicitorCreate (test/end2end/consented/pages/solicitor-create/solicitorCreate.js:20:5)
  - I.fillField("input[id="solicitorEmail"]", "mahesh.goduguchinta@hmcts.net") at Object.solicitorCreate (test/end2end/consented/pages/solicitor-create/solicitorCreate.js:19:5)
  - I.fillField("input[id="solicitorPhone"]", "07766120098") at Object.solicitorCreate (test/end2end/consented/pages/solicitor-create/solicitorCreate.js:18:5)
  - I.fillField("input[id="solicitorAddress_County"]", "Middlesex") at Object.solicitorCreate (test/end2end/consented/pages/solicitor-create/solicitorCreate.js:17:5)
  - I.fillField("input[id="solicitorAddress_AddressLine3"]", "Opposite Tesco") at Object.solicitorCreate (test/end2end/consented/pages/solicitor-create/solicitorCreate.js:16:5)
  - I.fillField("input[id="solicitorAddress_AddressLine2"]", "Near Roundabout") at Object.solicitorCreate (test/end2end/consented/pages/solicitor-create/solicitorCreate.js:15:5)
  - I.selectOption("Select an address", "67 Pears Road, Hounslow") at Object.solicitorCreate (test/end2end/consented/pages/solicitor-create/solicitorCreate.js:13:5)
  - I.wait(5) at Object.solicitorCreate (test/end2end/consented/pages/solicitor-create/solicitorCreate.js:12:5)
  - I.click("Find address") at Object.solicitorCreate (test/end2end/consented/pages/solicitor-create/solicitorCreate.js:11:5)
  - I.fillField("Enter a UK postcode", "TW3 1SS") at Object.solicitorCreate (test/end2end/consented/pages/solicitor-create/solicitorCreate.js:10:5)
  - I.fillField("input[id="solicitorReference"]", "AUTO-1565080871631") at Object.solicitorCreate (test/end2end/consented/pages/solicitor-create/solicitorCreate.js:9:5)
  - I.fillField("input[id="solicitorFirm"]", "Abc Firm") at Object.solicitorCreate (test/end2end/consented/pages/solicitor-create/solicitorCreate.js:8:5)
  - I.fillField("input[id="solicitorName"]", "Arrow") at Object.solicitorCreate (test/end2end/consented/pages/solicitor-create/solicitorCreate.js:7:5)
  - I.waitForText("SOLICITOR DETAILS", 60, "h4") at Object.waitForPage (test/end2end/consented/pages/common/common.js:6:11)
  - I.click("Continue") at Object.createCase (test/end2end/consented/pages/create-case/createCase.js:21:5)
  - I.waitForElement("button[type = "submit"]:not(:disabled)", 30) at Object.waitForContinueButtonEnabled (test/end2end/consented/pages/common/common.js:35:5)
  - I.waitForText("Before You Start", 60, "h2") at Object.waitForPage (test/end2end/consented/pages/common/common.js:6:11)
  - I.click("Start") at Object.createCase (test/end2end/consented/pages/create-case/createCase.js:18:5)
  - I.selectOption("select[id= "cc-event"]", "Consent Order Application") at Object.createCase (test/end2end/consented/pages/create-case/createCase.js:17:5)
  - I.wait(1) at Object.createCase (test/end2end/consented/pages/create-case/createCase.js:16:5)
  - I.selectOption("select[id="cc-case-type"]", "FinancialRemedyMVP2") at Object.createCase (test/end2end/consented/pages/create-case/createCase.js:15:5)
  - I.wait(1) at Object.createCase (test/end2end/consented/pages/create-case/createCase.js:14:5)
  - I.selectOption("select[id="cc-jurisdiction"]", "Family Divorce") at Object.createCase (test/end2end/consented/pages/create-case/createCase.js:13:5)
  - I.waitForElement("select[id="cc-jurisdiction"]>option:nth-of-type(2)", 60) at Object.createCase (test/end2end/consented/pages/create-case/createCase.js:11:5)
  - I.waitForText("Create Case", 60, "h1") at Object.waitForPage (test/end2end/consented/pages/common/common.js:6:11)
  - I.click("Create new case") at Object.createCase (test/end2end/consented/pages/create-case/createCase.js:7:5)
  - I.waitForElement(".container-fluid a[href="/create/case"]", 60) at Object.createCase (test/end2end/consented/pages/create-case/createCase.js:6:5)
  - I.wait(15) at Object.signinIdam (test/end2end/consented/pages/signIn/signIn.js:10:5)
  - I.click("Sign in") at Object.signinIdam (test/end2end/consented/pages/signIn/signIn.js:9:5)
  - I.fillField("password", "Nagoya0102") at Object.signinIdam (test/end2end/consented/pages/signIn/signIn.js:8:5)
  - I.fillField("username", "henry_fr_harper@yahoo.com") at Object.signinIdam (test/end2end/consented/pages/signIn/signIn.js:7:5)
  - I.waitForText("Email address") at Object.signinIdam (test/end2end/consented/pages/signIn/signIn.js:6:5)
  - I.wait(5) at Object.signinIdam (test/end2end/consented/pages/signIn/signIn.js:5:5)
  - I.amOnPage("https://www-ccd.aat.platform.hmcts.net/") at Object.signinIdam (test/end2end/consented/pages/signIn/signIn.js:4:5)
  
  
[0m


